Arguments: 
  C:\Program Files\nodejs\node.exe C:\Users\dzombieyama\AppData\Roaming\npm\node_modules\yarn\bin\yarn.js

PATH: 
  C:\Users\dzombieyama\AppData\Local\oh-my-posh;C:\Program Files (x86)\Common Files\Oracle\Java\javapath;C:\Windows\system32;C:\Windows;C:\Windows\System32\Wbem;C:\Windows\System32\WindowsPowerShell\v1.0\;C:\Windows\System32\OpenSSH\;C:\Program Files\dotnet\;C:\Program Files\NVIDIA Corporation\NVIDIA NvDLISR;C:\Program Files (x86)\NVIDIA Corporation\PhysX\Common;C:\WINDOWS\system32;C:\WINDOWS;C:\WINDOWS\System32\Wbem;C:\WINDOWS\System32\WindowsPowerShell\v1.0\;C:\WINDOWS\System32\OpenSSH\;C:\ProgramData\chocolatey\bin;C:\Go\bin;C:\Program Files\camel-k;C:\minikube;C:\Program Files\nodejs\;C:\Program Files\Docker\Docker\resources\bin;C:\Program Files\Git\cmd;C:\Users\dzombieyama\AppData\Local\Programs\Python\Python310\Scripts\;C:\Users\dzombieyama\AppData\Local\Programs\Python\Python310\;C:\Users\dzombieyama\AppData\Local\Microsoft\WindowsApps;C:\Users\dzombieyama\AppData\Local\Programs\Microsoft VS Code\bin;C:\Users\dzombieyama\.dotnet\tools;C:\Users\dzombieyama\go\bin;C:\Users\dzombieyama\AppData\Local\gitkraken\bin;C:\Users\dzombieyama\AppData\Local\Microsoft\WindowsApps;C:\Users\dzombieyama\.dotnet\tools;C:\Users\dzombieyama\AppData\Roaming\npm;C:\Users\dzombieyama\AppData\Local\JetBrains\Toolbox\scripts;

Yarn version: 
  1.22.19

Node version: 
  18.15.0

Platform: 
  win32 x64

Trace: 
  SyntaxError: C:\Projects\project-code-sdui\sdui-core\package.json: Unexpected token } in JSON at position 557
      at JSON.parse (<anonymous>)
      at C:\Users\dzombieyama\AppData\Roaming\npm\node_modules\yarn\lib\cli.js:1629:59
      at Generator.next (<anonymous>)
      at step (C:\Users\dzombieyama\AppData\Roaming\npm\node_modules\yarn\lib\cli.js:310:30)
      at C:\Users\dzombieyama\AppData\Roaming\npm\node_modules\yarn\lib\cli.js:321:13

npm manifest: 
  {
    "name": "sdui-core",
    "version": "1.0.0",
    "description": "Server driven UI library",
    "main": "index.js",
    "directories": {
      "doc": "docs"
    },
    "scripts": {
    },
    "repository": {
      "type": "git",
      "url": "git+https://github.com/yamaoto/project-code-sdui.git"
    },
    "keywords": [
      "no-code",
      "low-code",
      "server-driven-ui",
      "vue"
    ],
    "author": "",
    "license": "MIT",
    "bugs": {
      "url": "https://github.com/yamaoto/project-code-sdui/issues"
    },
    "homepage": "https://github.com/yamaoto/project-code-sdui#readme",
  }

yarn manifest: 
  No manifest

Lockfile: 
  No lockfile
